<?xml version="1.0" encoding="UTF-8"?>
<!-- Generated by org.testng.reporters.JUnitReportReporter -->
<testsuite hostname="LAPTOP-HJHHU7LM" name="com.calculator.test_classes.ModelAdvancedOperationsTest" tests="2" failures="0" timestamp="12 Dec 2018 13:22:21 GMT" time="0.033" errors="0">
  <testcase name="testpowerOfTwo" time="0.021" classname="com.calculator.test_classes.ModelAdvancedOperationsTest"/>
  <testcase name="testPi" time="0.012" classname="com.calculator.test_classes.ModelAdvancedOperationsTest"/>
</testsuite> <!-- com.calculator.test_classes.ModelAdvancedOperationsTest -->
