<?xml version="1.0" encoding="UTF-8"?>
<!-- Generated by org.testng.reporters.JUnitReportReporter -->
<testsuite hostname="LAPTOP-HJHHU7LM" name="com.calculator.test_classes.ModelBasicOperationsTest" tests="19" failures="0" timestamp="12 Dec 2018 20:53:38 GMT" time="0.209" errors="0">
  <testcase name="testMultiplicationWithZeroAndNegativeValue" time="0.024" classname="com.calculator.test_classes.ModelBasicOperationsTest"/>
  <testcase name="testSubstractionNegativeValues" time="0.010" classname="com.calculator.test_classes.ModelBasicOperationsTest"/>
  <testcase name="testDivisionNegativeValues" time="0.010" classname="com.calculator.test_classes.ModelBasicOperationsTest"/>
  <testcase name="testDivisionPositiveValues" time="0.015" classname="com.calculator.test_classes.ModelBasicOperationsTest"/>
  <testcase name="testAdditionWithZeroOnly" time="0.000" classname="com.calculator.test_classes.ModelBasicOperationsTest"/>
  <testcase name="testAdditionPositiveValues" time="0.016" classname="com.calculator.test_classes.ModelBasicOperationsTest"/>
  <testcase name="testSubstractionPositiveValues" time="0.004" classname="com.calculator.test_classes.ModelBasicOperationsTest"/>
  <testcase name="testSubstractionWithZeroAndNegativeValue" time="0.020" classname="com.calculator.test_classes.ModelBasicOperationsTest"/>
  <testcase name="testAdditionWithZeroAndPositiveValue" time="0.023" classname="com.calculator.test_classes.ModelBasicOperationsTest"/>
  <testcase name="testSubstractionWithZeroOnly" time="0.000" classname="com.calculator.test_classes.ModelBasicOperationsTest"/>
  <testcase name="testMultiplicationNegativeValues" time="0.004" classname="com.calculator.test_classes.ModelBasicOperationsTest"/>
  <testcase name="testAdditionWithZeroAndNegativeValue" time="0.006" classname="com.calculator.test_classes.ModelBasicOperationsTest"/>
  <testcase name="testMultiplicationWithZeroAndPositiveValue" time="0.010" classname="com.calculator.test_classes.ModelBasicOperationsTest"/>
  <testcase name="testMultiplicationPositiveValues" time="0.006" classname="com.calculator.test_classes.ModelBasicOperationsTest"/>
  <testcase name="testDivisionWithZeroAndPositiveValue" time="0.011" classname="com.calculator.test_classes.ModelBasicOperationsTest"/>
  <testcase name="testAdditionNegativeValues" time="0.040" classname="com.calculator.test_classes.ModelBasicOperationsTest"/>
  <testcase name="testMultiplicationWithZeroOnly" time="0.000" classname="com.calculator.test_classes.ModelBasicOperationsTest"/>
  <testcase name="testDivisionWithZeroAndNegativeValue" time="0.010" classname="com.calculator.test_classes.ModelBasicOperationsTest"/>
  <testcase name="testSubstractioWithZeroAndPositiveValue" time="0.000" classname="com.calculator.test_classes.ModelBasicOperationsTest"/>
</testsuite> <!-- com.calculator.test_classes.ModelBasicOperationsTest -->
