<?xml version="1.0" encoding="UTF-8"?>
<!-- Generated by org.testng.reporters.JUnitReportReporter -->
<testsuite hostname="LAPTOP-HJHHU7LM" name="com.calculator.test_classes.ModelAdvancedOperationsTest" tests="22" failures="0" timestamp="12 Dec 2018 20:53:38 GMT" time="0.089" errors="0">
  <testcase name="testpowerOfTwoZero" time="0.000" classname="com.calculator.test_classes.ModelAdvancedOperationsTest"/>
  <testcase name="testSquareRootNegative" time="0.006" classname="com.calculator.test_classes.ModelAdvancedOperationsTest"/>
  <testcase name="testCosPositive" time="0.004" classname="com.calculator.test_classes.ModelAdvancedOperationsTest"/>
  <testcase name="testLogZero" time="0.000" classname="com.calculator.test_classes.ModelAdvancedOperationsTest"/>
  <testcase name="testpowerOfThreePositive" time="0.009" classname="com.calculator.test_classes.ModelAdvancedOperationsTest"/>
  <testcase name="testLogNegative" time="0.008" classname="com.calculator.test_classes.ModelAdvancedOperationsTest"/>
  <testcase name="testTanZero" time="0.000" classname="com.calculator.test_classes.ModelAdvancedOperationsTest"/>
  <testcase name="testCosZero" time="0.000" classname="com.calculator.test_classes.ModelAdvancedOperationsTest"/>
  <testcase name="testSquareRootZero" time="0.000" classname="com.calculator.test_classes.ModelAdvancedOperationsTest"/>
  <testcase name="testpowerOfTwoPositive" time="0.006" classname="com.calculator.test_classes.ModelAdvancedOperationsTest"/>
  <testcase name="testSinNegative" time="0.007" classname="com.calculator.test_classes.ModelAdvancedOperationsTest"/>
  <testcase name="testSquareRootPositive" time="0.010" classname="com.calculator.test_classes.ModelAdvancedOperationsTest"/>
  <testcase name="testSinZero" time="0.007" classname="com.calculator.test_classes.ModelAdvancedOperationsTest"/>
  <testcase name="testTanPositive" time="0.004" classname="com.calculator.test_classes.ModelAdvancedOperationsTest"/>
  <testcase name="testpowerOfTwoNegative" time="0.004" classname="com.calculator.test_classes.ModelAdvancedOperationsTest"/>
  <testcase name="testLogPositive" time="0.004" classname="com.calculator.test_classes.ModelAdvancedOperationsTest"/>
  <testcase name="testCosNegative" time="0.010" classname="com.calculator.test_classes.ModelAdvancedOperationsTest"/>
  <testcase name="testSinPositive" time="0.003" classname="com.calculator.test_classes.ModelAdvancedOperationsTest"/>
  <testcase name="testPi" time="0.000" classname="com.calculator.test_classes.ModelAdvancedOperationsTest"/>
  <testcase name="testpowerOfThreeZero" time="0.000" classname="com.calculator.test_classes.ModelAdvancedOperationsTest"/>
  <testcase name="testTanNegative" time="0.006" classname="com.calculator.test_classes.ModelAdvancedOperationsTest"/>
  <testcase name="testpowerOfThreeNegative" time="0.001" classname="com.calculator.test_classes.ModelAdvancedOperationsTest"/>
</testsuite> <!-- com.calculator.test_classes.ModelAdvancedOperationsTest -->
