<?xml version="1.0" encoding="UTF-8"?>
<!-- Generated by org.testng.reporters.JUnitReportReporter -->
<testsuite hostname="LAPTOP-HJHHU7LM" name="com.calculator.test_classes.ModelBasicOperationsTest" tests="4" failures="0" timestamp="12 Dec 2018 13:22:21 GMT" time="0.137" errors="0">
  <testcase name="testDivision" time="0.015" classname="com.calculator.test_classes.ModelBasicOperationsTest"/>
  <testcase name="testMultiplication" time="0.000" classname="com.calculator.test_classes.ModelBasicOperationsTest"/>
  <testcase name="testAdditionPositiveValues" time="0.075" classname="com.calculator.test_classes.ModelBasicOperationsTest"/>
  <testcase name="testSubstraction" time="0.047" classname="com.calculator.test_classes.ModelBasicOperationsTest"/>
</testsuite> <!-- com.calculator.test_classes.ModelBasicOperationsTest -->
